{"/home/jesus/Development/test-ml-ui/src/App.tsx": {"path":"/home/jesus/Development/test-ml-ui/src/App.tsx","statementMap":{"0":{"start":{"line":1,"column":0},"end":{"line":1,"column":26}},"1":{"start":{"line":2,"column":0},"end":{"line":2,"column":33}},"2":{"start":{"line":3,"column":0},"end":{"line":3,"column":22}},"3":{"start":{"line":5,"column":12},"end":{"line":7,"column":1}},"4":{"start":{"line":6,"column":2},"end":{"line":6,"column":19}},"5":{"start":{"line":9,"column":0},"end":{"line":9,"column":19}}},"fnMap":{"0":{"name":"(anonymous_1)","decl":{"start":{"line":5,"column":12},"end":{"line":5,"column":35}},"loc":{"start":{"line":5,"column":37},"end":{"line":7,"column":1}}}},"branchMap":{},"s":{"0":0,"1":0,"2":0,"3":0,"4":0,"5":0},"f":{"0":0},"b":{}}
,"/home/jesus/Development/test-ml-ui/src/declarations.d.ts": {"path":"/home/jesus/Development/test-ml-ui/src/declarations.d.ts","statementMap":{},"fnMap":{},"branchMap":{},"s":{},"f":{},"b":{},"inputSourceMap":null}
,"/home/jesus/Development/test-ml-ui/src/components/CardProduct/CardProduct.tsx": {"path":"/home/jesus/Development/test-ml-ui/src/components/CardProduct/CardProduct.tsx","statementMap":{"0":{"start":{"line":1,"column":0},"end":{"line":1,"column":26}},"1":{"start":{"line":2,"column":0},"end":{"line":2,"column":40}},"2":{"start":{"line":3,"column":0},"end":{"line":3,"column":54}},"3":{"start":{"line":4,"column":0},"end":{"line":4,"column":22}},"4":{"start":{"line":6,"column":20},"end":{"line":27,"column":1}},"5":{"start":{"line":7,"column":2},"end":{"line":26,"column":4}},"6":{"start":{"line":29,"column":0},"end":{"line":29,"column":27}}},"fnMap":{"0":{"name":"(anonymous_1)","decl":{"start":{"line":6,"column":20},"end":{"line":6,"column":43}},"loc":{"start":{"line":6,"column":45},"end":{"line":27,"column":1}}}},"branchMap":{},"s":{"0":0,"1":0,"2":0,"3":0,"4":0,"5":0,"6":0},"f":{"0":0},"b":{}}
,"/home/jesus/Development/test-ml-ui/src/components/SearchBox/SearchBox.tsx": {"path":"/home/jesus/Development/test-ml-ui/src/components/SearchBox/SearchBox.tsx","statementMap":{"0":{"start":{"line":1,"column":0},"end":{"line":1,"column":40}},"1":{"start":{"line":2,"column":0},"end":{"line":2,"column":51}},"2":{"start":{"line":3,"column":0},"end":{"line":3,"column":22}},"3":{"start":{"line":5,"column":18},"end":{"line":26,"column":1}},"4":{"start":{"line":6,"column":38},"end":{"line":6,"column":58}},"5":{"start":{"line":8,"column":23},"end":{"line":10,"column":3}},"6":{"start":{"line":9,"column":4},"end":{"line":9,"column":23}},"7":{"start":{"line":12,"column":2},"end":{"line":25,"column":4}},"8":{"start":{"line":19,"column":23},"end":{"line":19,"column":59}},"9":{"start":{"line":28,"column":0},"end":{"line":28,"column":25}}},"fnMap":{"0":{"name":"(anonymous_7)","decl":{"start":{"line":5,"column":18},"end":{"line":5,"column":41}},"loc":{"start":{"line":5,"column":43},"end":{"line":26,"column":1}}},"1":{"name":"(anonymous_8)","decl":{"start":{"line":8,"column":23},"end":{"line":8,"column":24}},"loc":{"start":{"line":8,"column":52},"end":{"line":10,"column":3}}},"2":{"name":"(anonymous_9)","decl":{"start":{"line":19,"column":18},"end":{"line":19,"column":19}},"loc":{"start":{"line":19,"column":23},"end":{"line":19,"column":59}}}},"branchMap":{},"s":{"0":1,"1":1,"2":1,"3":1,"4":5,"5":5,"6":1,"7":5,"8":1,"9":1},"f":{"0":5,"1":1,"2":1},"b":{}}
,"/home/jesus/Development/test-ml-ui/src/hocs/WithHeader/WithHeader.tsx": {"path":"/home/jesus/Development/test-ml-ui/src/hocs/WithHeader/WithHeader.tsx","statementMap":{"0":{"start":{"line":2,"column":0},"end":{"line":2,"column":26}},"1":{"start":{"line":3,"column":0},"end":{"line":3,"column":47}},"2":{"start":{"line":4,"column":0},"end":{"line":4,"column":55}},"3":{"start":{"line":5,"column":0},"end":{"line":5,"column":22}},"4":{"start":{"line":8,"column":2},"end":{"line":21,"column":null}},"5":{"start":{"line":9,"column":2},"end":{"line":21,"column":null}},"6":{"start":{"line":11,"column":6},"end":{"line":20,"column":null}},"7":{"start":{"line":24,"column":0},"end":{"line":24,"column":26}}},"fnMap":{"0":{"name":"(anonymous_1)","decl":{"start":{"line":8,"column":2},"end":{"line":8,"column":3}},"loc":{"start":{"line":9,"column":2},"end":{"line":21,"column":null}}},"1":{"name":"(anonymous_2)","decl":{"start":{"line":9,"column":2},"end":{"line":9,"column":3}},"loc":{"start":{"line":11,"column":6},"end":{"line":20,"column":null}}}},"branchMap":{},"s":{"0":0,"1":0,"2":0,"3":0,"4":0,"5":0,"6":0,"7":0},"f":{"0":0,"1":0},"b":{}}
,"/home/jesus/Development/test-ml-ui/src/root/MlApp.tsx": {"path":"/home/jesus/Development/test-ml-ui/src/root/MlApp.tsx","statementMap":{"0":{"start":{"line":1,"column":0},"end":{"line":1,"column":26}},"1":{"start":{"line":2,"column":0},"end":{"line":2,"column":30}},"2":{"start":{"line":4,"column":14},"end":{"line":10,"column":1}},"3":{"start":{"line":5,"column":2},"end":{"line":9,"column":4}},"4":{"start":{"line":12,"column":0},"end":{"line":12,"column":21}}},"fnMap":{"0":{"name":"(anonymous_1)","decl":{"start":{"line":4,"column":14},"end":{"line":4,"column":37}},"loc":{"start":{"line":4,"column":39},"end":{"line":10,"column":1}}}},"branchMap":{},"s":{"0":0,"1":0,"2":0,"3":0,"4":0},"f":{"0":0},"b":{}}
,"/home/jesus/Development/test-ml-ui/src/root/RootPage.tsx": {"path":"/home/jesus/Development/test-ml-ui/src/root/RootPage.tsx","statementMap":{"0":{"start":{"line":1,"column":0},"end":{"line":1,"column":26}},"1":{"start":{"line":2,"column":0},"end":{"line":2,"column":61}},"2":{"start":{"line":3,"column":0},"end":{"line":3,"column":52}},"3":{"start":{"line":5,"column":17},"end":{"line":11,"column":1}},"4":{"start":{"line":6,"column":2},"end":{"line":10,"column":4}},"5":{"start":{"line":13,"column":0},"end":{"line":13,"column":36}}},"fnMap":{"0":{"name":"(anonymous_1)","decl":{"start":{"line":5,"column":17},"end":{"line":5,"column":40}},"loc":{"start":{"line":5,"column":42},"end":{"line":11,"column":1}}}},"branchMap":{},"s":{"0":0,"1":0,"2":0,"3":0,"4":0,"5":0},"f":{"0":0},"b":{}}
,"/home/jesus/Development/test-ml-ui/src/root/routes.tsx": {"path":"/home/jesus/Development/test-ml-ui/src/root/routes.tsx","statementMap":{"0":{"start":{"line":1,"column":0},"end":{"line":1,"column":26}},"1":{"start":{"line":2,"column":0},"end":{"line":2,"column":74}},"2":{"start":{"line":3,"column":0},"end":{"line":3,"column":34}},"3":{"start":{"line":4,"column":0},"end":{"line":4,"column":70}},"4":{"start":{"line":6,"column":15},"end":{"line":13,"column":null}},"5":{"start":{"line":7,"column":2},"end":{"line":12,"column":null}},"6":{"start":{"line":15,"column":0},"end":{"line":15,"column":22}}},"fnMap":{"0":{"name":"(anonymous_1)","decl":{"start":{"line":6,"column":15},"end":{"line":6,"column":38}},"loc":{"start":{"line":7,"column":2},"end":{"line":12,"column":null}}}},"branchMap":{},"s":{"0":0,"1":0,"2":0,"3":0,"4":0,"5":0,"6":0},"f":{"0":0},"b":{}}
,"/home/jesus/Development/test-ml-ui/src/root/DetailProductPage/DetailProductPage.tsx": {"path":"/home/jesus/Development/test-ml-ui/src/root/DetailProductPage/DetailProductPage.tsx","statementMap":{"0":{"start":{"line":1,"column":0},"end":{"line":1,"column":26}},"1":{"start":{"line":2,"column":0},"end":{"line":2,"column":52}},"2":{"start":{"line":3,"column":0},"end":{"line":3,"column":42}},"3":{"start":{"line":4,"column":0},"end":{"line":4,"column":22}},"4":{"start":{"line":6,"column":26},"end":{"line":32,"column":1}},"5":{"start":{"line":7,"column":2},"end":{"line":31,"column":4}},"6":{"start":{"line":34,"column":0},"end":{"line":34,"column":45}}},"fnMap":{"0":{"name":"(anonymous_1)","decl":{"start":{"line":6,"column":26},"end":{"line":6,"column":29}},"loc":{"start":{"line":6,"column":31},"end":{"line":32,"column":1}}}},"branchMap":{},"s":{"0":0,"1":0,"2":0,"3":0,"4":0,"5":0,"6":0},"f":{"0":0},"b":{}}
}
